<?xml version="1.0" encoding="UTF-8"?>
<coverage generated="1748649103927" clover="3.2.0">
  <project timestamp="1748649103927" name="All files">
    <metrics statements="52" coveredstatements="52" conditionals="4" coveredconditionals="4" methods="16" coveredmethods="16" elements="72" coveredelements="72" complexity="0" loc="52" ncloc="52" packages="2" files="6" classes="6"/>
    <package name="src">
      <metrics statements="39" coveredstatements="39" conditionals="4" coveredconditionals="4" methods="10" coveredmethods="10"/>
      <file name="App.tsx" path="/Users/leonardomaddio/owo/vite/vite-project-ch/src/App.tsx">
        <metrics statements="24" coveredstatements="24" conditionals="4" coveredconditionals="4" methods="6" coveredmethods="6"/>
        <line num="1" count="1" type="stmt"/>
        <line num="2" count="1" type="stmt"/>
        <line num="4" count="1" type="stmt"/>
        <line num="6" count="1" type="stmt"/>
        <line num="8" count="1" type="stmt"/>
        <line num="9" count="1" type="stmt"/>
        <line num="10" count="1" type="stmt"/>
        <line num="13" count="26" type="stmt"/>
        <line num="14" count="26" type="stmt"/>
        <line num="16" count="26" type="stmt"/>
        <line num="17" count="34" type="cond" truecount="1" falsecount="0"/>
        <line num="18" count="18" type="stmt"/>
        <line num="20" count="18" type="stmt"/>
        <line num="21" count="72" type="stmt"/>
        <line num="25" count="16" type="stmt"/>
        <line num="28" count="26" type="stmt"/>
        <line num="29" count="2" type="cond" truecount="1" falsecount="0"/>
        <line num="30" count="2" type="stmt"/>
        <line num="31" count="2" type="stmt"/>
        <line num="35" count="26" type="stmt"/>
        <line num="36" count="1" type="stmt"/>
        <line num="39" count="26" type="stmt"/>
        <line num="50" count="43" type="stmt"/>
        <line num="60" count="1" type="stmt"/>
      </file>
      <file name="slice.ts" path="/Users/leonardomaddio/owo/vite/vite-project-ch/src/slice.ts">
        <metrics statements="8" coveredstatements="8" conditionals="0" coveredconditionals="0" methods="3" coveredmethods="3"/>
        <line num="1" count="1" type="stmt"/>
        <line num="3" count="1" type="stmt"/>
        <line num="20" count="1" type="stmt"/>
        <line num="25" count="2" type="stmt"/>
        <line num="29" count="2" type="stmt"/>
        <line num="32" count="3" type="stmt"/>
        <line num="37" count="1" type="stmt"/>
        <line num="38" count="1" type="stmt"/>
      </file>
      <file name="store.ts" path="/Users/leonardomaddio/owo/vite/vite-project-ch/src/store.ts">
        <metrics statements="7" coveredstatements="7" conditionals="0" coveredconditionals="0" methods="1" coveredmethods="1"/>
        <line num="1" count="1" type="stmt"/>
        <line num="2" count="1" type="stmt"/>
        <line num="3" count="1" type="stmt"/>
        <line num="5" count="1" type="stmt"/>
        <line num="14" count="1" type="stmt"/>
        <line num="16" count="1" type="stmt"/>
        <line num="17" count="5" type="stmt"/>
      </file>
    </package>
    <package name="src.components">
      <metrics statements="13" coveredstatements="13" conditionals="0" coveredconditionals="0" methods="6" coveredmethods="6"/>
      <file name="Card.tsx" path="/Users/leonardomaddio/owo/vite/vite-project-ch/src/components/Card.tsx">
        <metrics statements="4" coveredstatements="4" conditionals="0" coveredconditionals="0" methods="2" coveredmethods="2"/>
        <line num="8" count="1" type="stmt"/>
        <line num="9" count="43" type="stmt"/>
        <line num="14" count="1" type="stmt"/>
        <line num="24" count="1" type="stmt"/>
      </file>
      <file name="InputAddPhrase.tsx" path="/Users/leonardomaddio/owo/vite/vite-project-ch/src/components/InputAddPhrase.tsx">
        <metrics statements="6" coveredstatements="6" conditionals="0" coveredconditionals="0" methods="2" coveredmethods="2"/>
        <line num="5" count="1" type="stmt"/>
        <line num="6" count="26" type="stmt"/>
        <line num="11" count="2" type="stmt"/>
        <line num="12" count="2" type="stmt"/>
        <line num="13" count="2" type="stmt"/>
        <line num="14" count="2" type="stmt"/>
      </file>
      <file name="InputFilterPhrase.tsx" path="/Users/leonardomaddio/owo/vite/vite-project-ch/src/components/InputFilterPhrase.tsx">
        <metrics statements="3" coveredstatements="3" conditionals="0" coveredconditionals="0" methods="2" coveredmethods="2"/>
        <line num="6" count="1" type="stmt"/>
        <line num="7" count="26" type="stmt"/>
        <line num="17" count="18" type="stmt"/>
      </file>
    </package>
  </project>
</coverage>
