{"/Users/leonardomaddio/owo/vite/vite-project-ch/src/App.tsx": {"path":"/Users/leonardomaddio/owo/vite/vite-project-ch/src/App.tsx","statementMap":{"0":{"start":{"line":1,"column":0},"end":{"line":1,"column":42}},"1":{"start":{"line":2,"column":0},"end":{"line":2,"column":33}},"2":{"start":{"line":4,"column":0},"end":{"line":4,"column":41}},"3":{"start":{"line":6,"column":0},"end":{"line":6,"column":50}},"4":{"start":{"line":8,"column":0},"end":{"line":8,"column":61}},"5":{"start":{"line":9,"column":0},"end":{"line":9,"column":67}},"6":{"start":{"line":10,"column":0},"end":{"line":10,"column":37}},"7":{"start":{"line":13,"column":19},"end":{"line":13,"column":35}},"8":{"start":{"line":14,"column":52},"end":{"line":14,"column":64}},"9":{"start":{"line":16,"column":18},"end":{"line":26,"column":4}},"10":{"start":{"line":17,"column":4},"end":{"line":23,"column":5}},"11":{"start":{"line":18,"column":30},"end":{"line":18,"column":61}},"12":{"start":{"line":20,"column":6},"end":{"line":22,"column":8}},"13":{"start":{"line":21,"column":8},"end":{"line":21,"column":59}},"14":{"start":{"line":25,"column":4},"end":{"line":25,"column":33}},"15":{"start":{"line":28,"column":25},"end":{"line":33,"column":3}},"16":{"start":{"line":29,"column":4},"end":{"line":32,"column":5}},"17":{"start":{"line":30,"column":6},"end":{"line":30,"column":31}},"18":{"start":{"line":31,"column":6},"end":{"line":31,"column":34}},"19":{"start":{"line":35,"column":25},"end":{"line":37,"column":3}},"20":{"start":{"line":36,"column":4},"end":{"line":36,"column":31}},"21":{"start":{"line":39,"column":2},"end":{"line":57,"column":null}},"22":{"start":{"line":50,"column":10},"end":{"line":50,"column":25}},"23":{"start":{"line":60,"column":0},"end":{"line":60,"column":null}}},"fnMap":{"0":{"name":"App","decl":{"start":{"line":12,"column":9},"end":{"line":12,"column":12}},"loc":{"start":{"line":12,"column":12},"end":{"line":58,"column":1}}},"1":{"name":"(anonymous_1)","decl":{"start":{"line":16,"column":30},"end":{"line":16,"column":31}},"loc":{"start":{"line":16,"column":51},"end":{"line":26,"column":3}}},"2":{"name":"(anonymous_2)","decl":{"start":{"line":20,"column":42},"end":{"line":20,"column":48}},"loc":{"start":{"line":21,"column":8},"end":{"line":21,"column":59}}},"3":{"name":"(anonymous_3)","decl":{"start":{"line":28,"column":25},"end":{"line":28,"column":26}},"loc":{"start":{"line":28,"column":44},"end":{"line":33,"column":3}}},"4":{"name":"(anonymous_4)","decl":{"start":{"line":35,"column":25},"end":{"line":35,"column":26}},"loc":{"start":{"line":35,"column":40},"end":{"line":37,"column":3}}},"5":{"name":"(anonymous_5)","decl":{"start":{"line":49,"column":21},"end":{"line":49,"column":22}},"loc":{"start":{"line":50,"column":10},"end":{"line":50,"column":25}}}},"branchMap":{"0":{"loc":{"start":{"line":17,"column":4},"end":{"line":23,"column":5}},"type":"if","locations":[{"start":{"line":17,"column":4},"end":{"line":23,"column":5}}]},"1":{"loc":{"start":{"line":29,"column":4},"end":{"line":32,"column":5}},"type":"if","locations":[{"start":{"line":29,"column":4},"end":{"line":32,"column":5}}]},"2":{"loc":{"start":{"line":52,"column":9},"end":{"line":53,"column":null}},"type":"binary-expr","locations":[{"start":{"line":52,"column":9},"end":{"line":52,"column":29}},{"start":{"line":53,"column":10},"end":{"line":53,"column":61}}]}},"s":{"0":1,"1":1,"2":1,"3":1,"4":1,"5":1,"6":1,"7":26,"8":26,"9":26,"10":34,"11":18,"12":18,"13":72,"14":16,"15":26,"16":2,"17":2,"18":2,"19":26,"20":1,"21":26,"22":43,"23":1},"f":{"0":26,"1":34,"2":72,"3":2,"4":1,"5":43},"b":{"0":[18],"1":[2],"2":[26,1]}}
,"/Users/leonardomaddio/owo/vite/vite-project-ch/src/slice.ts": {"path":"/Users/leonardomaddio/owo/vite/vite-project-ch/src/slice.ts","statementMap":{"0":{"start":{"line":1,"column":0},"end":{"line":1,"column":47}},"1":{"start":{"line":3,"column":13},"end":{"line":18,"column":2}},"2":{"start":{"line":20,"column":13},"end":{"line":35,"column":3}},"3":{"start":{"line":25,"column":24},"end":{"line":28,"column":8}},"4":{"start":{"line":29,"column":6},"end":{"line":29,"column":36}},"5":{"start":{"line":32,"column":6},"end":{"line":32,"column":83}},"6":{"start":{"line":32,"column":53},"end":{"line":32,"column":81}},"7":{"start":{"line":37,"column":13},"end":{"line":37,"column":43}},"8":{"start":{"line":38,"column":0},"end":{"line":38,"column":36}}},"fnMap":{"0":{"name":"(anonymous_0)","decl":{"start":{"line":24,"column":15},"end":{"line":24,"column":16}},"loc":{"start":{"line":24,"column":33},"end":{"line":30,"column":5}}},"1":{"name":"(anonymous_1)","decl":{"start":{"line":31,"column":18},"end":{"line":31,"column":19}},"loc":{"start":{"line":31,"column":36},"end":{"line":33,"column":5}}},"2":{"name":"(anonymous_2)","decl":{"start":{"line":32,"column":43},"end":{"line":32,"column":49}},"loc":{"start":{"line":32,"column":53},"end":{"line":32,"column":81}}}},"branchMap":{},"s":{"0":1,"1":1,"2":1,"3":2,"4":2,"5":1,"6":3,"7":1,"8":1},"f":{"0":2,"1":1,"2":3},"b":{}}
,"/Users/leonardomaddio/owo/vite/vite-project-ch/src/store.ts": {"path":"/Users/leonardomaddio/owo/vite/vite-project-ch/src/store.ts","statementMap":{"0":{"start":{"line":16,"column":0},"end":{"line":16,"column":16}},"1":{"start":{"line":1,"column":0},"end":{"line":1,"column":67}},"2":{"start":{"line":2,"column":0},"end":{"line":2,"column":42}},"3":{"start":{"line":3,"column":0},"end":{"line":3,"column":37}},"4":{"start":{"line":5,"column":20},"end":{"line":7,"column":2}},"5":{"start":{"line":14,"column":13},"end":{"line":14,"column":67}},"6":{"start":{"line":17,"column":2},"end":{"line":20,"column":null}}},"fnMap":{"0":{"name":"setupStore","decl":{"start":{"line":16,"column":16},"end":{"line":16,"column":26}},"loc":{"start":{"line":16,"column":61},"end":{"line":21,"column":1}}}},"branchMap":{},"s":{"0":1,"1":1,"2":1,"3":1,"4":1,"5":1,"6":5},"f":{"0":5},"b":{}}
,"/Users/leonardomaddio/owo/vite/vite-project-ch/src/components/Card.tsx": {"path":"/Users/leonardomaddio/owo/vite/vite-project-ch/src/components/Card.tsx","statementMap":{"0":{"start":{"line":8,"column":13},"end":{"line":21,"column":null}},"1":{"start":{"line":9,"column":2},"end":{"line":20,"column":null}},"2":{"start":{"line":14,"column":21},"end":{"line":14,"column":33}},"3":{"start":{"line":24,"column":0},"end":{"line":24,"column":null}}},"fnMap":{"0":{"name":"(anonymous_0)","decl":{"start":{"line":8,"column":13},"end":{"line":8,"column":14}},"loc":{"start":{"line":9,"column":2},"end":{"line":20,"column":null}}},"1":{"name":"(anonymous_1)","decl":{"start":{"line":14,"column":15},"end":{"line":14,"column":18}},"loc":{"start":{"line":14,"column":21},"end":{"line":14,"column":33}}}},"branchMap":{},"s":{"0":1,"1":43,"2":1,"3":1},"f":{"0":43,"1":1},"b":{}}
,"/Users/leonardomaddio/owo/vite/vite-project-ch/src/components/InputAddPhrase.tsx": {"path":"/Users/leonardomaddio/owo/vite/vite-project-ch/src/components/InputAddPhrase.tsx","statementMap":{"0":{"start":{"line":5,"column":30},"end":{"line":24,"column":null}},"1":{"start":{"line":6,"column":2},"end":{"line":23,"column":null}},"2":{"start":{"line":11,"column":6},"end":{"line":11,"column":25}},"3":{"start":{"line":12,"column":23},"end":{"line":12,"column":71}},"4":{"start":{"line":13,"column":6},"end":{"line":13,"column":48}},"5":{"start":{"line":14,"column":6},"end":{"line":14,"column":30}},"6":{"start":{"line":5,"column":13},"end":{"line":5,"column":30}}},"fnMap":{"0":{"name":"(anonymous_0)","decl":{"start":{"line":5,"column":30},"end":{"line":5,"column":31}},"loc":{"start":{"line":6,"column":2},"end":{"line":23,"column":null}}},"1":{"name":"(anonymous_1)","decl":{"start":{"line":10,"column":20},"end":{"line":10,"column":21}},"loc":{"start":{"line":10,"column":26},"end":{"line":15,"column":5}}}},"branchMap":{},"s":{"0":1,"1":26,"2":2,"3":2,"4":2,"5":2,"6":1},"f":{"0":26,"1":2},"b":{}}
,"/Users/leonardomaddio/owo/vite/vite-project-ch/src/components/InputFilterPhrase.tsx": {"path":"/Users/leonardomaddio/owo/vite/vite-project-ch/src/components/InputFilterPhrase.tsx","statementMap":{"0":{"start":{"line":6,"column":33},"end":{"line":19,"column":null}},"1":{"start":{"line":7,"column":2},"end":{"line":18,"column":null}},"2":{"start":{"line":17,"column":23},"end":{"line":17,"column":47}},"3":{"start":{"line":6,"column":13},"end":{"line":6,"column":33}}},"fnMap":{"0":{"name":"(anonymous_0)","decl":{"start":{"line":6,"column":33},"end":{"line":6,"column":34}},"loc":{"start":{"line":7,"column":2},"end":{"line":18,"column":null}}},"1":{"name":"(anonymous_1)","decl":{"start":{"line":17,"column":16},"end":{"line":17,"column":17}},"loc":{"start":{"line":17,"column":23},"end":{"line":17,"column":47}}}},"branchMap":{},"s":{"0":1,"1":26,"2":18,"3":1},"f":{"0":26,"1":18},"b":{}}
}
