TN:
SF:src/App.tsx
FN:12,App
FN:16,(anonymous_1)
FN:20,(anonymous_2)
FN:28,(anonymous_3)
FN:35,(anonymous_4)
FN:49,(anonymous_5)
FNF:6
FNH:6
FNDA:26,App
FNDA:34,(anonymous_1)
FNDA:72,(anonymous_2)
FNDA:2,(anonymous_3)
FNDA:1,(anonymous_4)
FNDA:43,(anonymous_5)
DA:1,1
DA:2,1
DA:4,1
DA:6,1
DA:8,1
DA:9,1
DA:10,1
DA:13,26
DA:14,26
DA:16,26
DA:17,34
DA:18,18
DA:20,18
DA:21,72
DA:25,16
DA:28,26
DA:29,2
DA:30,2
DA:31,2
DA:35,26
DA:36,1
DA:39,26
DA:50,43
DA:60,1
LF:24
LH:24
BRDA:17,0,0,18
BRDA:29,1,0,2
BRDA:52,2,0,26
BRDA:52,2,1,1
BRF:4
BRH:4
end_of_record
TN:
SF:src/slice.ts
FN:24,(anonymous_0)
FN:31,(anonymous_1)
FN:32,(anonymous_2)
FNF:3
FNH:3
FNDA:2,(anonymous_0)
FNDA:1,(anonymous_1)
FNDA:3,(anonymous_2)
DA:1,1
DA:3,1
DA:20,1
DA:25,2
DA:29,2
DA:32,3
DA:37,1
DA:38,1
LF:8
LH:8
BRF:0
BRH:0
end_of_record
TN:
SF:src/store.ts
FN:16,setupStore
FNF:1
FNH:1
FNDA:5,setupStore
DA:1,1
DA:2,1
DA:3,1
DA:5,1
DA:14,1
DA:16,1
DA:17,5
LF:7
LH:7
BRF:0
BRH:0
end_of_record
TN:
SF:src/components/Card.tsx
FN:8,(anonymous_0)
FN:14,(anonymous_1)
FNF:2
FNH:2
FNDA:43,(anonymous_0)
FNDA:1,(anonymous_1)
DA:8,1
DA:9,43
DA:14,1
DA:24,1
LF:4
LH:4
BRF:0
BRH:0
end_of_record
TN:
SF:src/components/InputAddPhrase.tsx
FN:5,(anonymous_0)
FN:10,(anonymous_1)
FNF:2
FNH:2
FNDA:26,(anonymous_0)
FNDA:2,(anonymous_1)
DA:5,1
DA:6,26
DA:11,2
DA:12,2
DA:13,2
DA:14,2
LF:6
LH:6
BRF:0
BRH:0
end_of_record
TN:
SF:src/components/InputFilterPhrase.tsx
FN:6,(anonymous_0)
FN:17,(anonymous_1)
FNF:2
FNH:2
FNDA:26,(anonymous_0)
FNDA:18,(anonymous_1)
DA:6,1
DA:7,26
DA:17,18
LF:3
LH:3
BRF:0
BRH:0
end_of_record
